0 info it worked if it ends with ok
1 verbose cli [ 'C:\\Program Files\\nodejs\\node.exe',
1 verbose cli   'C:\\Users\\Jelena\\AppData\\Roaming\\npm\\node_modules\\npm\\bin\\npm-cli.js',
1 verbose cli   'start' ]
2 info using npm@4.0.2
3 info using node@v6.9.1
4 verbose run-script [ 'prestart', 'start', 'poststart' ]
5 info lifecycle quiz@1.0.0~prestart: quiz@1.0.0
6 silly lifecycle quiz@1.0.0~prestart: no script for prestart, continuing
7 info lifecycle quiz@1.0.0~start: quiz@1.0.0
8 verbose lifecycle quiz@1.0.0~start: unsafe-perm in lifecycle true
9 verbose lifecycle quiz@1.0.0~start: PATH: C:\Users\Jelena\AppData\Roaming\npm\node_modules\npm\bin\node-gyp-bin;C:\Users\Jelena\Projects\quiz\node_modules\.bin;C:\Users\Jelena\AppData\Roaming\npm;C:\Program Files\nodejs\;C:\ProgramData\Oracle\Java\javapath;C:\WINDOWS\system32;C:\WINDOWS;C:\WINDOWS\System32\Wbem;C:\WINDOWS\System32\WindowsPowerShell\v1.0\;C:\Program Files (x86)\ATI Technologies\ATI.ACE\Core-Static;C:\Users\Jelena\.dnx\bin;C:\Program Files\Microsoft DNX\Dnvm\;C:\Program Files (x86)\Windows Kits\8.1\Windows Performance Toolkit\;C:\Program Files\Microsoft SQL Server\120\Tools\Binn\;C:\Program Files\Microsoft SQL Server\130\Tools\Binn\;C:\Program Files (x86)\Microsoft Emulator Manager\1.0\;C:\Program Files (x86)\nodejs\;C:\postgreSQL\9.3\bin\;C:\Program Files\nodejs\;c:\Users\Jelena\AppData\Local\atom\app-1.12.4\;C:\Users\Jelena\AppData\Local\Microsoft\WindowsApps;C:\Users\Jelena\AppData\Roaming\npm;C:\Users\Jelena\AppData\Local\Programs\Git\cmd;C:\Users\Jelena\AppData\Local\Programs\Git\mingw64\bin;C:\Users\Jelena\AppData\Local\Programs\Git\usr\bin
10 verbose lifecycle quiz@1.0.0~start: CWD: C:\Users\Jelena\Projects\quiz
11 silly lifecycle quiz@1.0.0~start: Args: [ '/d /s /c',
11 silly lifecycle   'watchify index.js -p [ browserify-livereload --host 127.0.0.1 --port 1337 ] -o bundle.js -dv' ]
12 silly lifecycle quiz@1.0.0~start: Returned: code: 3221225786  signal: null
13 info lifecycle quiz@1.0.0~start: Failed to exec start script
14 verbose stack Error: quiz@1.0.0 start: `watchify index.js -p [ browserify-livereload --host 127.0.0.1 --port 1337 ] -o bundle.js -dv`
14 verbose stack Exit status 3221225786
14 verbose stack     at EventEmitter.<anonymous> (C:\Users\Jelena\AppData\Roaming\npm\node_modules\npm\lib\utils\lifecycle.js:279:16)
14 verbose stack     at emitTwo (events.js:106:13)
14 verbose stack     at EventEmitter.emit (events.js:191:7)
14 verbose stack     at ChildProcess.<anonymous> (C:\Users\Jelena\AppData\Roaming\npm\node_modules\npm\lib\utils\spawn.js:40:14)
14 verbose stack     at emitTwo (events.js:106:13)
14 verbose stack     at ChildProcess.emit (events.js:191:7)
14 verbose stack     at maybeClose (internal/child_process.js:877:16)
14 verbose stack     at Process.ChildProcess._handle.onexit (internal/child_process.js:226:5)
15 verbose pkgid quiz@1.0.0
16 verbose cwd C:\Users\Jelena\Projects\quiz
17 error Windows_NT 10.0.14393
18 error argv "C:\\Program Files\\nodejs\\node.exe" "C:\\Users\\Jelena\\AppData\\Roaming\\npm\\node_modules\\npm\\bin\\npm-cli.js" "start"
19 error node v6.9.1
20 error npm  v4.0.2
21 error code ELIFECYCLE
22 error quiz@1.0.0 start: `watchify index.js -p [ browserify-livereload --host 127.0.0.1 --port 1337 ] -o bundle.js -dv`
22 error Exit status 3221225786
23 error Failed at the quiz@1.0.0 start script 'watchify index.js -p [ browserify-livereload --host 127.0.0.1 --port 1337 ] -o bundle.js -dv'.
23 error Make sure you have the latest version of node.js and npm installed.
23 error If you do, this is most likely a problem with the quiz package,
23 error not with npm itself.
23 error Tell the author that this fails on your system:
23 error     watchify index.js -p [ browserify-livereload --host 127.0.0.1 --port 1337 ] -o bundle.js -dv
23 error You can get information on how to open an issue for this project with:
23 error     npm bugs quiz
23 error Or if that isn't available, you can get their info via:
23 error     npm owner ls quiz
23 error There is likely additional logging output above.
24 verbose exit [ 1, true ]
